2019-04-30 02:25:58.741  INFO 37424 --- [main] c.i.geocircle.GeocircleApplication       : Starting GeocircleApplication on EN-SatishM with PID 37424 (started by 16736 in /Users/16736/Downloads/geocircle 2)
2019-04-30 02:25:58.748  INFO 37424 --- [main] c.i.geocircle.GeocircleApplication       : No active profile set, falling back to default profiles: default
2019-04-30 02:25:59.325  INFO 37424 --- [main] c.i.geocircle.GeocircleApplication       : Started GeocircleApplication in 0.898 seconds (JVM running for 1.372)
2019-04-30 02:26:00.840  INFO 37424 --- [main] c.i.g.service.impl.CustomerServiceImpl   : Total fetched customers: 32
2019-04-30 02:26:00.842  INFO 37424 --- [main] c.i.g.GeoCircleApplicationRunner         : Total customers matched in range of 100.0 km : 16
2019-04-30 02:26:00.844  INFO 37424 --- [main] c.i.g.GeoCircleApplicationRunner         : 4	Ian Kehoe	{"user_id":4,"latitude":53.2451022,"longitude":-6.238335,"name":"Ian Kehoe"}
2019-04-30 02:26:00.844  INFO 37424 --- [main] c.i.g.GeoCircleApplicationRunner         : 5	Nora Dempsey	{"user_id":5,"latitude":53.1302756,"longitude":-6.2397222,"name":"Nora Dempsey"}
2019-04-30 02:26:00.844  INFO 37424 --- [main] c.i.g.GeoCircleApplicationRunner         : 6	Theresa Enright	{"user_id":6,"latitude":53.1229599,"longitude":-6.2705202,"name":"Theresa Enright"}
2019-04-30 02:26:00.845  INFO 37424 --- [main] c.i.g.GeoCircleApplicationRunner         : 8	Eoin Ahearn	{"user_id":8,"latitude":54.0894797,"longitude":-6.18671,"name":"Eoin Ahearn"}
2019-04-30 02:26:00.845  INFO 37424 --- [main] c.i.g.GeoCircleApplicationRunner         : 11	Richard Finnegan	{"user_id":11,"latitude":53.008769,"longitude":-6.1056711,"name":"Richard Finnegan"}
2019-04-30 02:26:00.845  INFO 37424 --- [main] c.i.g.GeoCircleApplicationRunner         : 12	Christina McArdle	{"user_id":12,"latitude":52.986375,"longitude":-6.043701,"name":"Christina McArdle"}
2019-04-30 02:26:00.845  INFO 37424 --- [main] c.i.g.GeoCircleApplicationRunner         : 13	Olive Ahearn	{"user_id":13,"latitude":53.0,"longitude":-7.0,"name":"Olive Ahearn"}
2019-04-30 02:26:00.845  INFO 37424 --- [main] c.i.g.GeoCircleApplicationRunner         : 15	Michael Ahearn	{"user_id":15,"latitude":52.966,"longitude":-6.463,"name":"Michael Ahearn"}
2019-04-30 02:26:00.846  INFO 37424 --- [main] c.i.g.GeoCircleApplicationRunner         : 17	Patricia Cahill	{"user_id":17,"latitude":54.180238,"longitude":-5.920898,"name":"Patricia Cahill"}
2019-04-30 02:26:00.846  INFO 37424 --- [main] c.i.g.GeoCircleApplicationRunner         : 23	Eoin Gallagher	{"user_id":23,"latitude":54.080556,"longitude":-6.361944,"name":"Eoin Gallagher"}
2019-04-30 02:26:00.846  INFO 37424 --- [main] c.i.g.GeoCircleApplicationRunner         : 24	Rose Enright	{"user_id":24,"latitude":54.133333,"longitude":-6.433333,"name":"Rose Enright"}
2019-04-30 02:26:00.846  INFO 37424 --- [main] c.i.g.GeoCircleApplicationRunner         : 26	Stephen McArdle	{"user_id":26,"latitude":53.038056,"longitude":-7.653889,"name":"Stephen McArdle"}
2019-04-30 02:26:00.847  INFO 37424 --- [main] c.i.g.GeoCircleApplicationRunner         : 29	Oliver Ahearn	{"user_id":29,"latitude":53.74452,"longitude":-7.11167,"name":"Oliver Ahearn"}
2019-04-30 02:26:00.847  INFO 37424 --- [main] c.i.g.GeoCircleApplicationRunner         : 30	Nick Enright	{"user_id":30,"latitude":53.761389,"longitude":-7.2875,"name":"Nick Enright"}
2019-04-30 02:26:00.847  INFO 37424 --- [main] c.i.g.GeoCircleApplicationRunner         : 31	Alan Behan	{"user_id":31,"latitude":53.1489345,"longitude":-6.8422408,"name":"Alan Behan"}
2019-04-30 02:26:00.847  INFO 37424 --- [main] c.i.g.GeoCircleApplicationRunner         : 39	Lisa Ahearn	{"user_id":39,"latitude":53.0033946,"longitude":-6.3877505,"name":"Lisa Ahearn"}
2019-04-30 03:16:17.142  INFO 44154 --- [main] c.i.geocircle.GeocircleApplication       : Starting GeocircleApplication on EN-SatishM with PID 44154 (started by 16736 in /Users/16736/Downloads/geocircle 2)
2019-04-30 03:16:17.145  INFO 44154 --- [main] c.i.geocircle.GeocircleApplication       : No active profile set, falling back to default profiles: default
2019-04-30 03:16:17.836  INFO 44154 --- [main] c.i.geocircle.GeocircleApplication       : Started GeocircleApplication in 0.971 seconds (JVM running for 1.4)
2019-04-30 03:16:19.176  INFO 44154 --- [main] c.i.g.service.impl.CustomerServiceImpl   : Total fetched customers: 32
2019-04-30 03:16:19.179  INFO 44154 --- [main] c.i.g.GeoCircleApplicationRunner         : Total customers matched in range of 100.0 km : 16
2019-04-30 03:16:19.181  INFO 44154 --- [main] c.i.g.GeoCircleApplicationRunner         : 4	Ian Kehoe	{"user_id":4,"latitude":53.2451022,"longitude":-6.238335,"name":"Ian Kehoe"}
2019-04-30 03:16:19.182  INFO 44154 --- [main] c.i.g.GeoCircleApplicationRunner         : 5	Nora Dempsey	{"user_id":5,"latitude":53.1302756,"longitude":-6.2397222,"name":"Nora Dempsey"}
2019-04-30 03:16:19.182  INFO 44154 --- [main] c.i.g.GeoCircleApplicationRunner         : 6	Theresa Enright	{"user_id":6,"latitude":53.1229599,"longitude":-6.2705202,"name":"Theresa Enright"}
2019-04-30 03:16:19.182  INFO 44154 --- [main] c.i.g.GeoCircleApplicationRunner         : 8	Eoin Ahearn	{"user_id":8,"latitude":54.0894797,"longitude":-6.18671,"name":"Eoin Ahearn"}
2019-04-30 03:16:19.182  INFO 44154 --- [main] c.i.g.GeoCircleApplicationRunner         : 11	Richard Finnegan	{"user_id":11,"latitude":53.008769,"longitude":-6.1056711,"name":"Richard Finnegan"}
2019-04-30 03:16:19.183  INFO 44154 --- [main] c.i.g.GeoCircleApplicationRunner         : 12	Christina McArdle	{"user_id":12,"latitude":52.986375,"longitude":-6.043701,"name":"Christina McArdle"}
2019-04-30 03:16:19.183  INFO 44154 --- [main] c.i.g.GeoCircleApplicationRunner         : 13	Olive Ahearn	{"user_id":13,"latitude":53.0,"longitude":-7.0,"name":"Olive Ahearn"}
2019-04-30 03:16:19.183  INFO 44154 --- [main] c.i.g.GeoCircleApplicationRunner         : 15	Michael Ahearn	{"user_id":15,"latitude":52.966,"longitude":-6.463,"name":"Michael Ahearn"}
2019-04-30 03:16:19.183  INFO 44154 --- [main] c.i.g.GeoCircleApplicationRunner         : 17	Patricia Cahill	{"user_id":17,"latitude":54.180238,"longitude":-5.920898,"name":"Patricia Cahill"}
2019-04-30 03:16:19.183  INFO 44154 --- [main] c.i.g.GeoCircleApplicationRunner         : 23	Eoin Gallagher	{"user_id":23,"latitude":54.080556,"longitude":-6.361944,"name":"Eoin Gallagher"}
2019-04-30 03:16:19.184  INFO 44154 --- [main] c.i.g.GeoCircleApplicationRunner         : 24	Rose Enright	{"user_id":24,"latitude":54.133333,"longitude":-6.433333,"name":"Rose Enright"}
2019-04-30 03:16:19.184  INFO 44154 --- [main] c.i.g.GeoCircleApplicationRunner         : 26	Stephen McArdle	{"user_id":26,"latitude":53.038056,"longitude":-7.653889,"name":"Stephen McArdle"}
2019-04-30 03:16:19.184  INFO 44154 --- [main] c.i.g.GeoCircleApplicationRunner         : 29	Oliver Ahearn	{"user_id":29,"latitude":53.74452,"longitude":-7.11167,"name":"Oliver Ahearn"}
2019-04-30 03:16:19.184  INFO 44154 --- [main] c.i.g.GeoCircleApplicationRunner         : 30	Nick Enright	{"user_id":30,"latitude":53.761389,"longitude":-7.2875,"name":"Nick Enright"}
2019-04-30 03:16:19.184  INFO 44154 --- [main] c.i.g.GeoCircleApplicationRunner         : 31	Alan Behan	{"user_id":31,"latitude":53.1489345,"longitude":-6.8422408,"name":"Alan Behan"}
2019-04-30 03:16:19.185  INFO 44154 --- [main] c.i.g.GeoCircleApplicationRunner         : 39	Lisa Ahearn	{"user_id":39,"latitude":53.0033946,"longitude":-6.3877505,"name":"Lisa Ahearn"}
2019-04-30 03:16:38.779  INFO 44195 --- [main] c.i.geocircle.GeocircleApplication       : Starting GeocircleApplication on EN-SatishM with PID 44195 (started by 16736 in /Users/16736/Downloads/geocircle 2)
2019-04-30 03:16:38.783  INFO 44195 --- [main] c.i.geocircle.GeocircleApplication       : No active profile set, falling back to default profiles: default
2019-04-30 03:16:39.399  INFO 44195 --- [main] c.i.geocircle.GeocircleApplication       : Started GeocircleApplication in 0.899 seconds (JVM running for 4.008)
2019-04-30 03:16:40.929  INFO 44195 --- [main] c.i.g.service.impl.CustomerServiceImpl   : Total fetched customers: 32
2019-04-30 03:16:40.932  INFO 44195 --- [main] c.i.g.GeoCircleApplicationRunner         : Total customers matched in range of 100.0 km : 16
2019-04-30 03:16:40.935  INFO 44195 --- [main] c.i.g.GeoCircleApplicationRunner         : 4	Ian Kehoe	{"user_id":4,"latitude":53.2451022,"longitude":-6.238335,"name":"Ian Kehoe"}
2019-04-30 03:16:40.936  INFO 44195 --- [main] c.i.g.GeoCircleApplicationRunner         : 5	Nora Dempsey	{"user_id":5,"latitude":53.1302756,"longitude":-6.2397222,"name":"Nora Dempsey"}
2019-04-30 03:16:40.936  INFO 44195 --- [main] c.i.g.GeoCircleApplicationRunner         : 6	Theresa Enright	{"user_id":6,"latitude":53.1229599,"longitude":-6.2705202,"name":"Theresa Enright"}
2019-04-30 03:16:40.936  INFO 44195 --- [main] c.i.g.GeoCircleApplicationRunner         : 8	Eoin Ahearn	{"user_id":8,"latitude":54.0894797,"longitude":-6.18671,"name":"Eoin Ahearn"}
2019-04-30 03:16:40.936  INFO 44195 --- [main] c.i.g.GeoCircleApplicationRunner         : 11	Richard Finnegan	{"user_id":11,"latitude":53.008769,"longitude":-6.1056711,"name":"Richard Finnegan"}
2019-04-30 03:16:40.937  INFO 44195 --- [main] c.i.g.GeoCircleApplicationRunner         : 12	Christina McArdle	{"user_id":12,"latitude":52.986375,"longitude":-6.043701,"name":"Christina McArdle"}
2019-04-30 03:16:40.937  INFO 44195 --- [main] c.i.g.GeoCircleApplicationRunner         : 13	Olive Ahearn	{"user_id":13,"latitude":53.0,"longitude":-7.0,"name":"Olive Ahearn"}
2019-04-30 03:16:40.937  INFO 44195 --- [main] c.i.g.GeoCircleApplicationRunner         : 15	Michael Ahearn	{"user_id":15,"latitude":52.966,"longitude":-6.463,"name":"Michael Ahearn"}
2019-04-30 03:16:40.937  INFO 44195 --- [main] c.i.g.GeoCircleApplicationRunner         : 17	Patricia Cahill	{"user_id":17,"latitude":54.180238,"longitude":-5.920898,"name":"Patricia Cahill"}
2019-04-30 03:16:40.938  INFO 44195 --- [main] c.i.g.GeoCircleApplicationRunner         : 23	Eoin Gallagher	{"user_id":23,"latitude":54.080556,"longitude":-6.361944,"name":"Eoin Gallagher"}
2019-04-30 03:16:40.938  INFO 44195 --- [main] c.i.g.GeoCircleApplicationRunner         : 24	Rose Enright	{"user_id":24,"latitude":54.133333,"longitude":-6.433333,"name":"Rose Enright"}
2019-04-30 03:16:40.938  INFO 44195 --- [main] c.i.g.GeoCircleApplicationRunner         : 26	Stephen McArdle	{"user_id":26,"latitude":53.038056,"longitude":-7.653889,"name":"Stephen McArdle"}
2019-04-30 03:16:40.939  INFO 44195 --- [main] c.i.g.GeoCircleApplicationRunner         : 29	Oliver Ahearn	{"user_id":29,"latitude":53.74452,"longitude":-7.11167,"name":"Oliver Ahearn"}
2019-04-30 03:16:40.939  INFO 44195 --- [main] c.i.g.GeoCircleApplicationRunner         : 30	Nick Enright	{"user_id":30,"latitude":53.761389,"longitude":-7.2875,"name":"Nick Enright"}
2019-04-30 03:16:40.940  INFO 44195 --- [main] c.i.g.GeoCircleApplicationRunner         : 31	Alan Behan	{"user_id":31,"latitude":53.1489345,"longitude":-6.8422408,"name":"Alan Behan"}
2019-04-30 03:16:40.940  INFO 44195 --- [main] c.i.g.GeoCircleApplicationRunner         : 39	Lisa Ahearn	{"user_id":39,"latitude":53.0033946,"longitude":-6.3877505,"name":"Lisa Ahearn"}
2019-04-30 13:50:52.726  INFO 70758 --- [main] c.i.geocircle.ApplicationConfigTest      : Starting ApplicationConfigTest on EN-SatishM with PID 70758 (started by 16736 in /Users/16736/Downloads/geocircle 2)
2019-04-30 13:50:52.728  INFO 70758 --- [main] c.i.geocircle.ApplicationConfigTest      : No active profile set, falling back to default profiles: default
2019-04-30 13:50:53.018  INFO 70758 --- [main] c.i.geocircle.ApplicationConfigTest      : Started ApplicationConfigTest in 0.642 seconds (JVM running for 2.084)
2019-04-30 13:52:02.877  INFO 70774 --- [main] c.i.geocircle.ApplicationConfigTest      : Starting ApplicationConfigTest on EN-SatishM with PID 70774 (started by 16736 in /Users/16736/Downloads/geocircle 2)
2019-04-30 13:52:02.880  INFO 70774 --- [main] c.i.geocircle.ApplicationConfigTest      : No active profile set, falling back to default profiles: default
2019-04-30 13:52:03.703  INFO 70774 --- [main] c.i.geocircle.ApplicationConfigTest      : Started ApplicationConfigTest in 1.169 seconds (JVM running for 2.147)
2019-04-30 13:52:05.608  INFO 70774 --- [main] c.i.g.service.impl.CustomerServiceImpl   : Total fetched customers: 32
2019-04-30 13:52:09.053  INFO 70774 --- [main] c.i.g.GeoCircleApplicationRunner         : Total customers matched in range of 100.0 km : 16
2019-04-30 13:52:09.058  INFO 70774 --- [main] c.i.g.GeoCircleApplicationRunner         : 4	Ian Kehoe	{"user_id":4,"latitude":53.2451022,"longitude":-6.238335,"name":"Ian Kehoe"}
2019-04-30 13:52:09.059  INFO 70774 --- [main] c.i.g.GeoCircleApplicationRunner         : 5	Nora Dempsey	{"user_id":5,"latitude":53.1302756,"longitude":-6.2397222,"name":"Nora Dempsey"}
2019-04-30 13:52:09.059  INFO 70774 --- [main] c.i.g.GeoCircleApplicationRunner         : 6	Theresa Enright	{"user_id":6,"latitude":53.1229599,"longitude":-6.2705202,"name":"Theresa Enright"}
2019-04-30 13:52:09.059  INFO 70774 --- [main] c.i.g.GeoCircleApplicationRunner         : 8	Eoin Ahearn	{"user_id":8,"latitude":54.0894797,"longitude":-6.18671,"name":"Eoin Ahearn"}
2019-04-30 13:52:09.060  INFO 70774 --- [main] c.i.g.GeoCircleApplicationRunner         : 11	Richard Finnegan	{"user_id":11,"latitude":53.008769,"longitude":-6.1056711,"name":"Richard Finnegan"}
2019-04-30 13:52:09.060  INFO 70774 --- [main] c.i.g.GeoCircleApplicationRunner         : 12	Christina McArdle	{"user_id":12,"latitude":52.986375,"longitude":-6.043701,"name":"Christina McArdle"}
2019-04-30 13:52:09.060  INFO 70774 --- [main] c.i.g.GeoCircleApplicationRunner         : 13	Olive Ahearn	{"user_id":13,"latitude":53.0,"longitude":-7.0,"name":"Olive Ahearn"}
2019-04-30 13:52:09.060  INFO 70774 --- [main] c.i.g.GeoCircleApplicationRunner         : 15	Michael Ahearn	{"user_id":15,"latitude":52.966,"longitude":-6.463,"name":"Michael Ahearn"}
2019-04-30 13:52:09.060  INFO 70774 --- [main] c.i.g.GeoCircleApplicationRunner         : 17	Patricia Cahill	{"user_id":17,"latitude":54.180238,"longitude":-5.920898,"name":"Patricia Cahill"}
2019-04-30 13:52:09.061  INFO 70774 --- [main] c.i.g.GeoCircleApplicationRunner         : 23	Eoin Gallagher	{"user_id":23,"latitude":54.080556,"longitude":-6.361944,"name":"Eoin Gallagher"}
2019-04-30 13:52:09.061  INFO 70774 --- [main] c.i.g.GeoCircleApplicationRunner         : 24	Rose Enright	{"user_id":24,"latitude":54.133333,"longitude":-6.433333,"name":"Rose Enright"}
2019-04-30 13:52:09.061  INFO 70774 --- [main] c.i.g.GeoCircleApplicationRunner         : 26	Stephen McArdle	{"user_id":26,"latitude":53.038056,"longitude":-7.653889,"name":"Stephen McArdle"}
2019-04-30 13:52:09.061  INFO 70774 --- [main] c.i.g.GeoCircleApplicationRunner         : 29	Oliver Ahearn	{"user_id":29,"latitude":53.74452,"longitude":-7.11167,"name":"Oliver Ahearn"}
2019-04-30 13:52:09.061  INFO 70774 --- [main] c.i.g.GeoCircleApplicationRunner         : 30	Nick Enright	{"user_id":30,"latitude":53.761389,"longitude":-7.2875,"name":"Nick Enright"}
2019-04-30 13:52:09.062  INFO 70774 --- [main] c.i.g.GeoCircleApplicationRunner         : 31	Alan Behan	{"user_id":31,"latitude":53.1489345,"longitude":-6.8422408,"name":"Alan Behan"}
2019-04-30 13:52:09.062  INFO 70774 --- [main] c.i.g.GeoCircleApplicationRunner         : 39	Lisa Ahearn	{"user_id":39,"latitude":53.0033946,"longitude":-6.3877505,"name":"Lisa Ahearn"}
2019-04-30 13:53:02.815  INFO 70786 --- [main] c.i.geocircle.ApplicationConfigTest      : Starting ApplicationConfigTest on EN-SatishM with PID 70786 (started by 16736 in /Users/16736/Downloads/geocircle 2)
2019-04-30 13:53:02.824  INFO 70786 --- [main] c.i.geocircle.ApplicationConfigTest      : No active profile set, falling back to default profiles: default
2019-04-30 13:53:03.890  INFO 70786 --- [main] c.i.geocircle.ApplicationConfigTest      : Started ApplicationConfigTest in 1.497 seconds (JVM running for 2.944)
2019-04-30 13:53:05.478  INFO 70786 --- [main] c.i.g.service.impl.CustomerServiceImpl   : Total fetched customers: 32
2019-04-30 13:53:05.482  INFO 70786 --- [main] c.i.g.GeoCircleApplicationRunner         : Total customers matched in range of 100.0 km : 16
2019-04-30 13:53:05.485  INFO 70786 --- [main] c.i.g.GeoCircleApplicationRunner         : 4	Ian Kehoe	{"user_id":4,"latitude":53.2451022,"longitude":-6.238335,"name":"Ian Kehoe"}
2019-04-30 13:53:05.486  INFO 70786 --- [main] c.i.g.GeoCircleApplicationRunner         : 5	Nora Dempsey	{"user_id":5,"latitude":53.1302756,"longitude":-6.2397222,"name":"Nora Dempsey"}
2019-04-30 13:53:05.487  INFO 70786 --- [main] c.i.g.GeoCircleApplicationRunner         : 6	Theresa Enright	{"user_id":6,"latitude":53.1229599,"longitude":-6.2705202,"name":"Theresa Enright"}
2019-04-30 13:53:05.487  INFO 70786 --- [main] c.i.g.GeoCircleApplicationRunner         : 8	Eoin Ahearn	{"user_id":8,"latitude":54.0894797,"longitude":-6.18671,"name":"Eoin Ahearn"}
2019-04-30 13:53:05.488  INFO 70786 --- [main] c.i.g.GeoCircleApplicationRunner         : 11	Richard Finnegan	{"user_id":11,"latitude":53.008769,"longitude":-6.1056711,"name":"Richard Finnegan"}
2019-04-30 13:53:05.488  INFO 70786 --- [main] c.i.g.GeoCircleApplicationRunner         : 12	Christina McArdle	{"user_id":12,"latitude":52.986375,"longitude":-6.043701,"name":"Christina McArdle"}
2019-04-30 13:53:05.488  INFO 70786 --- [main] c.i.g.GeoCircleApplicationRunner         : 13	Olive Ahearn	{"user_id":13,"latitude":53.0,"longitude":-7.0,"name":"Olive Ahearn"}
2019-04-30 13:53:05.489  INFO 70786 --- [main] c.i.g.GeoCircleApplicationRunner         : 15	Michael Ahearn	{"user_id":15,"latitude":52.966,"longitude":-6.463,"name":"Michael Ahearn"}
2019-04-30 13:53:05.489  INFO 70786 --- [main] c.i.g.GeoCircleApplicationRunner         : 17	Patricia Cahill	{"user_id":17,"latitude":54.180238,"longitude":-5.920898,"name":"Patricia Cahill"}
2019-04-30 13:53:05.489  INFO 70786 --- [main] c.i.g.GeoCircleApplicationRunner         : 23	Eoin Gallagher	{"user_id":23,"latitude":54.080556,"longitude":-6.361944,"name":"Eoin Gallagher"}
2019-04-30 13:53:05.490  INFO 70786 --- [main] c.i.g.GeoCircleApplicationRunner         : 24	Rose Enright	{"user_id":24,"latitude":54.133333,"longitude":-6.433333,"name":"Rose Enright"}
2019-04-30 13:53:05.490  INFO 70786 --- [main] c.i.g.GeoCircleApplicationRunner         : 26	Stephen McArdle	{"user_id":26,"latitude":53.038056,"longitude":-7.653889,"name":"Stephen McArdle"}
2019-04-30 13:53:05.490  INFO 70786 --- [main] c.i.g.GeoCircleApplicationRunner         : 29	Oliver Ahearn	{"user_id":29,"latitude":53.74452,"longitude":-7.11167,"name":"Oliver Ahearn"}
2019-04-30 13:53:05.491  INFO 70786 --- [main] c.i.g.GeoCircleApplicationRunner         : 30	Nick Enright	{"user_id":30,"latitude":53.761389,"longitude":-7.2875,"name":"Nick Enright"}
2019-04-30 13:53:05.491  INFO 70786 --- [main] c.i.g.GeoCircleApplicationRunner         : 31	Alan Behan	{"user_id":31,"latitude":53.1489345,"longitude":-6.8422408,"name":"Alan Behan"}
2019-04-30 13:53:05.491  INFO 70786 --- [main] c.i.g.GeoCircleApplicationRunner         : 39	Lisa Ahearn	{"user_id":39,"latitude":53.0033946,"longitude":-6.3877505,"name":"Lisa Ahearn"}
2019-04-30 13:53:07.394  INFO 70786 --- [main] c.i.g.service.impl.CustomerServiceImpl   : Total fetched customers: 32
2019-04-30 13:53:07.397 ERROR 70786 --- [main] c.i.g.service.impl.CustomerServiceImpl   : Url  is invalid
